<?xml version="1.0" encoding="UTF-8"?>
<!-- Generated by org.testng.reporters.JUnitReportReporter -->
<testsuite hostname="Rahul" failures="0" tests="1" name="Test_Cases.Loginapplication" time="9.944" errors="0" timestamp="2022-11-25T12:23:21 IST" skipped="0">
  <testcase classname="Test_Cases.Loginapplication" name="Login" time="9.944"/>
  <system-out/>
</testsuite> <!-- Test_Cases.Loginapplication -->
