<?xml version="1.0" encoding="UTF-8"?>
<!-- Generated by org.testng.reporters.JUnitReportReporter -->
<testsuite hostname="Rahul" failures="0" tests="1" name="Test_Cases.Loginapplication" time="6.792" errors="0" timestamp="2022-12-16T10:37:24 IST" skipped="0">
  <testcase classname="Test_Cases.Loginapplication" name="Login" time="6.792"/>
  <system-out/>
</testsuite> <!-- Test_Cases.Loginapplication -->
